<?xml version="1.0" encoding="UTF-8" ?>
<testsuite errors="0" failures="0" hostname="CT1239D0028324" name="testes.testValores" skipped="0" tests="2" time="0.063" timestamp="2019-06-01T14:46:43">
  <properties>
    <property name="ant.project.invoked-targets" value="main" />
    <property name="java.runtime.name" value="Java(TM) SE Runtime Environment" />
    <property name="sun.boot.library.path" value="C:\Program Files\Java\jdk1.8.0_191\jre\bin" />
    <property name="java.vm.version" value="25.191-b12" />
    <property name="ant.library.dir" value="C:\Users\aluno\.p2\pool\plugins\org.apache.ant_1.10.5.v20180808-0324\lib" />
    <property name="ant.version" value="Apache Ant(TM) version 1.10.5 compiled on July 10 2018" />
    <property name="ant.java.version" value="1.8" />
    <property name="java.vm.vendor" value="Oracle Corporation" />
    <property name="java.vendor.url" value="http://java.oracle.com/" />
    <property name="path.separator" value=";" />
    <property name="java.vm.name" value="Java HotSpot(TM) 64-Bit Server VM" />
    <property name="file.encoding.pkg" value="sun.io" />
    <property name="user.script" value="" />
    <property name="user.country" value="BR" />
    <property name="sun.java.launcher" value="SUN_STANDARD" />
    <property name="sun.os.patch.level" value="" />
    <property name="java.vm.specification.name" value="Java Virtual Machine Specification" />
    <property name="user.dir" value="C:\Users\aluno\eclipse-workspace\IntegracaoContinua" />
    <property name="java.runtime.version" value="1.8.0_191-b12" />
    <property name="java.awt.graphicsenv" value="sun.awt.Win32GraphicsEnvironment" />
    <property name="basedir" value="C:\Users\aluno\eclipse-workspace\IntegracaoContinua" />
    <property name="java.endorsed.dirs" value="C:\Program Files\Java\jdk1.8.0_191\jre\lib\endorsed" />
    <property name="os.arch" value="amd64" />
    <property name="doc.dir" value="C:\Users\aluno\eclipse-workspace\IntegracaoContinua\doc" />
    <property name="ant.project.default-target" value="main" />
    <property name="java.io.tmpdir" value="C:\Users\aluno\AppData\Local\Temp\" />
    <property name="ant.core.lib" value="C:\Users\aluno\.p2\pool\plugins\org.apache.ant_1.10.5.v20180808-0324\lib\ant.jar" />
    <property name="line.separator" value="&#xd;&#xa;" />
    <property name="java.vm.specification.vendor" value="Oracle Corporation" />
    <property name="user.variant" value="" />
    <property name="os.name" value="Windows 10" />
    <property name="ant.home" value="C:\Users\aluno\.p2\pool\plugins\org.apache.ant_1.10.5.v20180808-0324" />
    <property name="ant.file.posIntegracao" value="C:\Users\aluno\eclipse-workspace\IntegracaoContinua\build01.xml" />
    <property name="build.dir" value="C:\Users\aluno\eclipse-workspace\IntegracaoContinua\bin" />
    <property name="ant.project.name" value="posIntegracao" />
    <property name="sun.jnu.encoding" value="Cp1252" />
    <property name="java.library.path" value="C:\Users\aluno\eclipse\java-2019-03\eclipse;C:\windows\Sun\Java\bin;C:\windows\system32;C:\windows;C:/Program Files/Java/jre1.8.0_211/bin/server;C:/Program Files/Java/jre1.8.0_211/bin;C:/Program Files/Java/jre1.8.0_211/lib/amd64;C:\Program Files (x86)\Common Files\Oracle\Java\javapath;C:\ProgramData\DockerDesktop\version-bin;C:\Program Files\Docker\Docker\Resources\bin;C:\mongodb\bin;C:\windows\system32;C:\windows;C:\windows\System32\Wbem;C:\windows\System32\WindowsPowerShell\v1.0\;C:\windows\System32\OpenSSH\;C:\Program Files\Java\jdk1.8.0_191\bin;C:\FPC\3.0.4\bin\i386-Win32;C:\Python37;C:\Program Files\TortoiseSVN\bin;C:\Program Files\VisualSVN Server\bin;C:\Program Files\Microsoft SQL Server\110\DTS\Binn\;C:\Program Files (x86)\Microsoft SQL Server\110\Tools\Binn\;C:\Program Files\Microsoft SQL Server\110\Tools\Binn\;C:\Program Files (x86)\Microsoft SQL Server\110\Tools\Binn\ManagementStudio\;C:\Program Files (x86)\Microsoft Visual Studio 10.0\Common7\IDE\PrivateAssemblies\;C:\Program Files (x86)\Microsoft SQL Server\110\DTS\Binn\;C:\Program Files\Git\cmd;C:\Program Files\nodejs\;C:\Users\aluno\AppData\Local\Microsoft\WindowsApps;;C:\Users\aluno\AppData\Local\Programs\Microsoft VS Code\bin;C:\Users\aluno\Desktop;;.;C:\Users\aluno\eclipse\java-2019-03\eclipse\configuration\org.eclipse.osgi\376\0\.cp" />
    <property name="java.class.version" value="52.0" />
    <property name="java.specification.name" value="Java Platform API Specification" />
    <property name="sun.management.compiler" value="HotSpot 64-Bit Tiered Compilers" />
    <property name="os.version" value="10.0" />
    <property name="ant.file" value="C:\Users\aluno\eclipse-workspace\IntegracaoContinua\build01.xml" />
    <property name="user.home" value="C:\Users\aluno" />
    <property name="ant.file.type.posIntegracao" value="file" />
    <property name="user.timezone" value="" />
    <property name="java.awt.printerjob" value="sun.awt.windows.WPrinterJob" />
    <property name="file.encoding" value="Cp1252" />
    <property name="java.specification.version" value="1.8" />
    <property name="java.class.path" value="C:\Users\aluno\.p2\pool\plugins\org.apache.ant_1.10.5.v20180808-0324\lib\ant-antlr.jar;C:\Users\aluno\.p2\pool\plugins\org.apache.ant_1.10.5.v20180808-0324\lib\ant-apache-bcel.jar;C:\Users\aluno\.p2\pool\plugins\org.apache.ant_1.10.5.v20180808-0324\lib\ant-apache-bsf.jar;C:\Users\aluno\.p2\pool\plugins\org.apache.ant_1.10.5.v20180808-0324\lib\ant-apache-log4j.jar;C:\Users\aluno\.p2\pool\plugins\org.apache.ant_1.10.5.v20180808-0324\lib\ant-apache-oro.jar;C:\Users\aluno\.p2\pool\plugins\org.apache.ant_1.10.5.v20180808-0324\lib\ant-apache-regexp.jar;C:\Users\aluno\.p2\pool\plugins\org.apache.ant_1.10.5.v20180808-0324\lib\ant-apache-resolver.jar;C:\Users\aluno\.p2\pool\plugins\org.apache.ant_1.10.5.v20180808-0324\lib\ant-apache-xalan2.jar;C:\Users\aluno\.p2\pool\plugins\org.apache.ant_1.10.5.v20180808-0324\lib\ant-commons-logging.jar;C:\Users\aluno\.p2\pool\plugins\org.apache.ant_1.10.5.v20180808-0324\lib\ant-commons-net.jar;C:\Users\aluno\.p2\pool\plugins\org.apache.ant_1.10.5.v20180808-0324\lib\ant-jai.jar;C:\Users\aluno\.p2\pool\plugins\org.apache.ant_1.10.5.v20180808-0324\lib\ant-javamail.jar;C:\Users\aluno\.p2\pool\plugins\org.apache.ant_1.10.5.v20180808-0324\lib\ant-jdepend.jar;C:\Users\aluno\.p2\pool\plugins\org.apache.ant_1.10.5.v20180808-0324\lib\ant-jmf.jar;C:\Users\aluno\.p2\pool\plugins\org.apache.ant_1.10.5.v20180808-0324\lib\ant-jsch.jar;C:\Users\aluno\.p2\pool\plugins\org.apache.ant_1.10.5.v20180808-0324\lib\ant-junit.jar;C:\Users\aluno\.p2\pool\plugins\org.apache.ant_1.10.5.v20180808-0324\lib\ant-junit4.jar;C:\Users\aluno\.p2\pool\plugins\org.apache.ant_1.10.5.v20180808-0324\lib\ant-junitlauncher.jar;C:\Users\aluno\.p2\pool\plugins\org.apache.ant_1.10.5.v20180808-0324\lib\ant-launcher.jar;C:\Users\aluno\.p2\pool\plugins\org.apache.ant_1.10.5.v20180808-0324\lib\ant-netrexx.jar;C:\Users\aluno\.p2\pool\plugins\org.apache.ant_1.10.5.v20180808-0324\lib\ant-swing.jar;C:\Users\aluno\.p2\pool\plugins\org.apache.ant_1.10.5.v20180808-0324\lib\ant-testutil.jar;C:\Users\aluno\.p2\pool\plugins\org.apache.ant_1.10.5.v20180808-0324\lib\ant-xz.jar;C:\Users\aluno\.p2\pool\plugins\org.apache.ant_1.10.5.v20180808-0324\lib\ant.jar;C:\Users\aluno\eclipse\java-2019-03\eclipse\configuration\org.eclipse.osgi\63\0\.cp\lib\antdebug.jar;C:\Users\aluno\eclipse\java-2019-03\eclipse\configuration\org.eclipse.osgi\63\0\.cp\lib\remote.jar;C:\Users\aluno\eclipse\java-2019-03\eclipse\configuration\org.eclipse.osgi\64\0\.cp\lib\remoteAnt.jar;C:\Users\aluno\eclipse-workspace\IntegracaoContinua\lib\hamcrest.jar;C:\Users\aluno\eclipse-workspace\IntegracaoContinua\lib\junit.jar;C:\Program Files\Java\jdk1.8.0_191\lib\tools.jar;C:\Users\aluno\.p2\pool\plugins\org.eclipse.swt.win32.win32.x86_64_3.110.0.v20190305-0602.jar" />
    <property name="user.name" value="aluno" />
    <property name="java.vm.specification.version" value="1.8" />
    <property name="sun.java.command" value="org.eclipse.ant.internal.launching.remote.InternalAntRunner -Dorg.eclipse.ant.core.ANT_PROCESS_ID=1559400401509 -Declipse.connect.port=53331 -Dant.home=C:\Users\aluno\.p2\pool\plugins\org.apache.ant_1.10.5.v20180808-0324 -logger org.eclipse.ant.internal.launching.remote.logger.RemoteAntBuildLogger -inputhandler org.eclipse.ant.internal.ui.antsupport.inputhandler.ProxyInputHandler -buildfile C:\Users\aluno\eclipse-workspace\IntegracaoContinua\build01.xml" />
    <property name="sun.arch.data.model" value="64" />
    <property name="java.home" value="C:\Program Files\Java\jdk1.8.0_191\jre" />
    <property name="java.specification.vendor" value="Oracle Corporation" />
    <property name="user.language" value="pt" />
    <property name="awt.toolkit" value="sun.awt.windows.WToolkit" />
    <property name="test.dir" value="C:\Users\aluno\eclipse-workspace\IntegracaoContinua\testreport" />
    <property name="java.vm.info" value="mixed mode" />
    <property name="java.version" value="1.8.0_191" />
    <property name="java.ext.dirs" value="C:\Program Files\Java\jdk1.8.0_191\jre\lib\ext;C:\windows\Sun\Java\lib\ext" />
    <property name="sun.boot.class.path" value="C:\Program Files\Java\jdk1.8.0_191\jre\lib\resources.jar;C:\Program Files\Java\jdk1.8.0_191\jre\lib\rt.jar;C:\Program Files\Java\jdk1.8.0_191\jre\lib\sunrsasign.jar;C:\Program Files\Java\jdk1.8.0_191\jre\lib\jsse.jar;C:\Program Files\Java\jdk1.8.0_191\jre\lib\jce.jar;C:\Program Files\Java\jdk1.8.0_191\jre\lib\charsets.jar;C:\Program Files\Java\jdk1.8.0_191\jre\lib\jfr.jar;C:\Program Files\Java\jdk1.8.0_191\jre\classes" />
    <property name="java.vendor" value="Oracle Corporation" />
    <property name="file.separator" value="\" />
    <property name="java.vendor.url.bug" value="http://bugreport.sun.com/bugreport/" />
    <property name="source.dir" value="C:\Users\aluno\eclipse-workspace\IntegracaoContinua\src" />
    <property name="sun.cpu.endian" value="little" />
    <property name="sun.io.unicode.encoding" value="UnicodeLittle" />
    <property name="sun.desktop" value="windows" />
    <property name="sun.cpu.isalist" value="amd64" />
  </properties>
  <testcase classname="testes.testValores" name="testDel" time="0.0" />
  <testcase classname="testes.testValores" name="testIns" time="0.0" />
  <system-out><![CDATA[]]></system-out>
  <system-err><![CDATA[]]></system-err>
</testsuite>
